<?xml version="1.0" encoding="UTF-8"?>
<!-- Generated by org.testng.reporters.JUnitXMLReporter -->
<testsuite hostname="Prithvi-1" ignored="0" name="failTestInTestAnnotation" tests="4" failures="1" timestamp="24 Apr 2019 19:29:03 GMT" time="7.708" errors="0">
  <testcase name="googleTest" time="3.192" classname="testNGClasses.FailTestInTestAnnotation">
    <skipped/>
  </testcase> <!-- googleTest -->
  <testcase name="googleTest" time="0.562" classname="testNGClasses.FailTestInTestAnnotation">
    <skipped/>
  </testcase> <!-- googleTest -->
  <testcase name="googleTest" time="0.66" classname="testNGClasses.FailTestInTestAnnotation">
    <skipped/>
  </testcase> <!-- googleTest -->
  <testcase name="googleTest" time="0.532" classname="testNGClasses.FailTestInTestAnnotation">
    <failure type="java.lang.AssertionError" message="expected [google] but found [Google]">
      <![CDATA[java.lang.AssertionError: expected [google] but found [Google]
at testNGClasses.FailTestInTestAnnotation.googleTest(FailTestInTestAnnotation.java:36)
... Removed 31 stack frames]]>
    </failure>
  </testcase> <!-- googleTest -->
</testsuite> <!-- failTestInTestAnnotation -->
