<?xml version="1.0" encoding="UTF-8"?>
<!-- Generated by org.testng.reporters.JUnitXMLReporter -->
<testsuite hostname="Prithvi-1" ignored="0" name="failTestInTestAnnotation" tests="4" failures="1" timestamp="23 Apr 2019 17:31:54 GMT" time="7.251" errors="0">
  <testcase name="googleTest" time="3.241" classname="testNGClasses.FailTestInTestAnnotation">
    <skipped/>
  </testcase> <!-- googleTest -->
  <testcase name="googleTest" time="0.371" classname="testNGClasses.FailTestInTestAnnotation">
    <skipped/>
  </testcase> <!-- googleTest -->
  <testcase name="googleTest" time="0.408" classname="testNGClasses.FailTestInTestAnnotation">
    <skipped/>
  </testcase> <!-- googleTest -->
  <testcase name="googleTest" time="0.374" classname="testNGClasses.FailTestInTestAnnotation">
    <failure type="java.lang.AssertionError" message="expected [google] but found [Google]">
      <![CDATA[java.lang.AssertionError: expected [google] but found [Google]
at testNGClasses.FailTestInTestAnnotation.googleTest(FailTestInTestAnnotation.java:36)
... Removed 35 stack frames]]>
    </failure>
  </testcase> <!-- googleTest -->
</testsuite> <!-- failTestInTestAnnotation -->
